Using pre-set license
Built from '2020.3/staging' branch; Version is '2020.3.25f1 (9b9180224418) revision 10195328'; Using compiler version '192528614'; Build Type 'Release'
OS: 'Windows 10  (10.0.19044) 64bit Professional' Language: 'en' Physical Memory: 16330 MB
BatchMode: 1, IsHumanControllingUs: 0, StartBugReporterOnCrash: 0, Is64bit: 1, IsPro: 0

COMMAND LINE ARGUMENTS:
C:\Program Files\Unity\Hub\Editor\2020.3.25f1\Editor\Unity.exe
-adb2
-batchMode
-noUpm
-name
AssetImportWorker0
-projectPath
C:/Users/Nabski/Desktop/MinorUnityProjects/SpaceProject
-logFile
Logs/AssetImportWorker0.log
-srvPort
59126
Successfully changed project path to: C:/Users/Nabski/Desktop/MinorUnityProjects/SpaceProject
C:/Users/Nabski/Desktop/MinorUnityProjects/SpaceProject
Using Asset Import Pipeline V2.
Refreshing native plugins compatible for Editor in 37.53 ms, found 2 plugins.
Preloading 0 native plugins for Editor in 0.00 ms.
Initialize engine version: 2020.3.25f1 (9b9180224418)
[Subsystems] Discovering subsystems at path C:/Program Files/Unity/Hub/Editor/2020.3.25f1/Editor/Data/Resources/UnitySubsystems
[Subsystems] Discovering subsystems at path C:/Users/Nabski/Desktop/MinorUnityProjects/SpaceProject/Assets
GfxDevice: creating device client; threaded=0
Direct3D:
    Version:  Direct3D 11.0 [level 11.1]
    Renderer: NVIDIA GeForce RTX 2060 (ID=0x1f08)
    Vendor:   
    VRAM:     5980 MB
    Driver:   30.0.15.1215
Initialize mono
Mono path[0] = 'C:/Program Files/Unity/Hub/Editor/2020.3.25f1/Editor/Data/Managed'
Mono path[1] = 'C:/Program Files/Unity/Hub/Editor/2020.3.25f1/Editor/Data/MonoBleedingEdge/lib/mono/unityjit'
Mono config path = 'C:/Program Files/Unity/Hub/Editor/2020.3.25f1/Editor/Data/MonoBleedingEdge/etc'
Using monoOptions --debugger-agent=transport=dt_socket,embedding=1,server=y,suspend=n,address=127.0.0.1:56028
Begin MonoManager ReloadAssembly
Registering precompiled unity dll's ...
Register platform support module: C:/Program Files/Unity/Hub/Editor/2020.3.25f1/Editor/Data/PlaybackEngines/WebGLSupport/UnityEditor.WebGL.Extensions.dll
Register platform support module: C:/Program Files/Unity/Hub/Editor/2020.3.25f1/Editor/Data/PlaybackEngines/WindowsStandaloneSupport/UnityEditor.WindowsStandalone.Extensions.dll
Registered in 0.002320 seconds.
Native extension for WindowsStandalone target not found
Native extension for WebGL target not found
Refreshing native plugins compatible for Editor in 37.09 ms, found 2 plugins.
Preloading 0 native plugins for Editor in 0.00 ms.
Mono: successfully reloaded assembly
- Completed reload, in  0.613 seconds
Domain Reload Profiling:
	ReloadAssembly (614ms)
		BeginReloadAssembly (61ms)
			ExecutionOrderSort (0ms)
			DisableScriptedObjects (0ms)
			BackupInstance (0ms)
			ReleaseScriptingObjects (0ms)
			CreateAndSetChildDomain (1ms)
		EndReloadAssembly (473ms)
			LoadAssemblies (59ms)
			RebuildTransferFunctionScriptingTraits (0ms)
			SetupTypeCache (169ms)
			ReleaseScriptCaches (0ms)
			RebuildScriptCaches (32ms)
			SetupLoadedEditorAssemblies (173ms)
				LogAssemblyErrors (0ms)
				InitializePlatformSupportModulesInManaged (6ms)
				SetLoadedEditorAssemblies (0ms)
				RefreshPlugins (37ms)
				BeforeProcessingInitializeOnLoad (9ms)
				ProcessInitializeOnLoadAttributes (90ms)
				ProcessInitializeOnLoadMethodAttributes (31ms)
				AfterProcessingInitializeOnLoad (0ms)
				EditorAssembliesLoaded (0ms)
			ExecutionOrderSort2 (0ms)
			AwakeInstancesAfterBackupRestoration (0ms)
Platform modules already initialized, skipping
Registering precompiled user dll's ...
Registered in 0.004706 seconds.
Begin MonoManager ReloadAssembly
Native extension for WindowsStandalone target not found
Native extension for WebGL target not found
Refreshing native plugins compatible for Editor in 0.38 ms, found 2 plugins.
Preloading 0 native plugins for Editor in 0.00 ms.
Mono: successfully reloaded assembly
- Completed reload, in  1.071 seconds
Domain Reload Profiling:
	ReloadAssembly (1072ms)
		BeginReloadAssembly (155ms)
			ExecutionOrderSort (0ms)
			DisableScriptedObjects (5ms)
			BackupInstance (0ms)
			ReleaseScriptingObjects (0ms)
			CreateAndSetChildDomain (19ms)
		EndReloadAssembly (852ms)
			LoadAssemblies (89ms)
			RebuildTransferFunctionScriptingTraits (0ms)
			SetupTypeCache (287ms)
			ReleaseScriptCaches (0ms)
			RebuildScriptCaches (42ms)
			SetupLoadedEditorAssemblies (339ms)
				LogAssemblyErrors (0ms)
				InitializePlatformSupportModulesInManaged (6ms)
				SetLoadedEditorAssemblies (0ms)
				RefreshPlugins (0ms)
				BeforeProcessingInitializeOnLoad (68ms)
				ProcessInitializeOnLoadAttributes (246ms)
				ProcessInitializeOnLoadMethodAttributes (11ms)
				AfterProcessingInitializeOnLoad (8ms)
				EditorAssembliesLoaded (0ms)
			ExecutionOrderSort2 (0ms)
			AwakeInstancesAfterBackupRestoration (7ms)
Platform modules already initialized, skipping
========================================================================
Worker process is ready to serve import requests
Launched and connected shader compiler UnityShaderCompiler.exe after 0.05 seconds
Refreshing native plugins compatible for Editor in 0.33 ms, found 2 plugins.
Preloading 0 native plugins for Editor in 0.00 ms.
Unloading 1559 Unused Serialized files (Serialized files now loaded: 0)
System memory in use before: 85.5 MB.
System memory in use after: 85.6 MB.

Unloading 18 unused Assets to reduce memory usage. Loaded Objects now: 2010.
Total: 3.214100 ms (FindLiveObjects: 0.151300 ms CreateObjectMapping: 0.059400 ms MarkObjects: 2.975800 ms  DeleteObjects: 0.025900 ms)

AssetImportParameters requested are different than current active one (requested -> active):
  custom:framework-win-MediaFoundation: 216162199b28c13a410421893ffa2e32 -> 
  custom:video-decoder-ogg-theora: a1e56fd34408186e4bbccfd4996cb3dc -> 
  custom:container-muxer-webm: aa71ff27fc2769a1b78a27578f13a17b -> 
  custom:container-demuxer-webm: 4f35f7cbe854078d1ac9338744f61a02 -> 
  custom:container-demuxer-ogg: 62fdf1f143b41e24485cea50d1cbac27 -> 
  custom:video-encoder-webm-vp8: eb34c28f22e8b96e1ab97ce403110664 -> 
  custom:video-decoder-webm-vp8: 9c59270c3fd7afecdb556c50c9e8de78 -> 
  custom:audio-decoder-ogg-vorbis: bf7c407c2cedff20999df2af8eb42d56 -> 
  custom:audio-encoder-webm-vorbis: bf7c407c2cedff20999df2af8eb42d56 -> 
========================================================================
Received Import Request.
  path: Assets/Images/Parallax/0 Space Skybox.mat
  artifactKey: Guid(9de4288a5491cbf488fb6840f1feb4d8) Importer(815301076,1909f56bfc062723c751e8b465ee728b)
Start importing Assets/Images/Parallax/0 Space Skybox.mat using Guid(9de4288a5491cbf488fb6840f1feb4d8) Importer(815301076,1909f56bfc062723c751e8b465ee728b)  -> (artifact id: '1e9a879856389122573467f7bfafb3f2') in 0.362252 seconds 
  Import took 0.372623 seconds .

========================================================================
Received Import Request.
  Time since last request: 0.000229 seconds.
  path: Assets/Model/QuickShip.fbx
  artifactKey: Guid(8fe6428fcd04dca49a7036e54c2acd14) Importer(815301076,1909f56bfc062723c751e8b465ee728b)
Start importing Assets/Model/QuickShip.fbx using Guid(8fe6428fcd04dca49a7036e54c2acd14) Importer(815301076,1909f56bfc062723c751e8b465ee728b)  -> (artifact id: 'f6e228cc1c18e6fbd1ad6e9be7965473') in 0.178630 seconds 
  Import took 0.181601 seconds .

========================================================================
Received Import Request.
  Time since last request: 617.750246 seconds.
  path: Assets/Materials/Ship Edging.mat
  artifactKey: Guid(756ba724ae7395e41a64391394429d72) Importer(815301076,1909f56bfc062723c751e8b465ee728b)
Start importing Assets/Materials/Ship Edging.mat using Guid(756ba724ae7395e41a64391394429d72) Importer(815301076,1909f56bfc062723c751e8b465ee728b)  -> (artifact id: '1dec9b2fe8b94eed2b10b6eff4da578d') in 0.016944 seconds 
  Import took 0.019887 seconds .

========================================================================
Received Prepare
Registering precompiled user dll's ...
Registered in 0.004887 seconds.
Begin MonoManager ReloadAssembly
Native extension for WindowsStandalone target not found
Native extension for WebGL target not found
Refreshing native plugins compatible for Editor in 0.36 ms, found 2 plugins.
Preloading 0 native plugins for Editor in 0.00 ms.
Mono: successfully reloaded assembly
- Completed reload, in  0.952 seconds
Domain Reload Profiling:
	ReloadAssembly (953ms)
		BeginReloadAssembly (116ms)
			ExecutionOrderSort (0ms)
			DisableScriptedObjects (4ms)
			BackupInstance (0ms)
			ReleaseScriptingObjects (0ms)
			CreateAndSetChildDomain (31ms)
		EndReloadAssembly (773ms)
			LoadAssemblies (85ms)
			RebuildTransferFunctionScriptingTraits (0ms)
			SetupTypeCache (285ms)
			ReleaseScriptCaches (1ms)
			RebuildScriptCaches (37ms)
			SetupLoadedEditorAssemblies (268ms)
				LogAssemblyErrors (0ms)
				InitializePlatformSupportModulesInManaged (5ms)
				SetLoadedEditorAssemblies (0ms)
				RefreshPlugins (0ms)
				BeforeProcessingInitializeOnLoad (52ms)
				ProcessInitializeOnLoadAttributes (194ms)
				ProcessInitializeOnLoadMethodAttributes (8ms)
				AfterProcessingInitializeOnLoad (7ms)
				EditorAssembliesLoaded (0ms)
			ExecutionOrderSort2 (0ms)
			AwakeInstancesAfterBackupRestoration (7ms)
Platform modules already initialized, skipping
Refreshing native plugins compatible for Editor in 0.34 ms, found 2 plugins.
Preloading 0 native plugins for Editor in 0.00 ms.
Unloading 1540 Unused Serialized files (Serialized files now loaded: 0)
System memory in use before: 87.6 MB.
System memory in use after: 87.7 MB.

Unloading 15 unused Assets to reduce memory usage. Loaded Objects now: 2055.
Total: 2.459800 ms (FindLiveObjects: 0.125300 ms CreateObjectMapping: 0.044700 ms MarkObjects: 2.269800 ms  DeleteObjects: 0.019100 ms)

AssetImportParameters requested are different than current active one (requested -> active):
  custom:framework-win-MediaFoundation: 216162199b28c13a410421893ffa2e32 -> 
  custom:video-decoder-ogg-theora: a1e56fd34408186e4bbccfd4996cb3dc -> 
  custom:container-muxer-webm: aa71ff27fc2769a1b78a27578f13a17b -> 
  custom:container-demuxer-webm: 4f35f7cbe854078d1ac9338744f61a02 -> 
  custom:container-demuxer-ogg: 62fdf1f143b41e24485cea50d1cbac27 -> 
  custom:video-encoder-webm-vp8: eb34c28f22e8b96e1ab97ce403110664 -> 
  custom:video-decoder-webm-vp8: 9c59270c3fd7afecdb556c50c9e8de78 -> 
  custom:audio-decoder-ogg-vorbis: bf7c407c2cedff20999df2af8eb42d56 -> 
  custom:audio-encoder-webm-vorbis: bf7c407c2cedff20999df2af8eb42d56 -> 
========================================================================
Received Import Request.
  Time since last request: 117.866216 seconds.
  path: Assets/Model/QuickShip.fbx
  artifactKey: Guid(8fe6428fcd04dca49a7036e54c2acd14) Importer(815301076,1909f56bfc062723c751e8b465ee728b)
Start importing Assets/Model/QuickShip.fbx using Guid(8fe6428fcd04dca49a7036e54c2acd14) Importer(815301076,1909f56bfc062723c751e8b465ee728b)  -> (artifact id: '25448cba41c9b04e6b28b292d893da91') in 0.266970 seconds 
  Import took 0.270769 seconds .

========================================================================
Received Prepare
Registering precompiled user dll's ...
Registered in 0.004947 seconds.
Begin MonoManager ReloadAssembly
Native extension for WindowsStandalone target not found
Native extension for WebGL target not found
Refreshing native plugins compatible for Editor in 0.35 ms, found 2 plugins.
Preloading 0 native plugins for Editor in 0.00 ms.
Mono: successfully reloaded assembly
- Completed reload, in  1.067 seconds
Domain Reload Profiling:
	ReloadAssembly (1067ms)
		BeginReloadAssembly (103ms)
			ExecutionOrderSort (0ms)
			DisableScriptedObjects (4ms)
			BackupInstance (0ms)
			ReleaseScriptingObjects (0ms)
			CreateAndSetChildDomain (32ms)
		EndReloadAssembly (897ms)
			LoadAssemblies (85ms)
			RebuildTransferFunctionScriptingTraits (0ms)
			SetupTypeCache (278ms)
			ReleaseScriptCaches (1ms)
			RebuildScriptCaches (39ms)
			SetupLoadedEditorAssemblies (400ms)
				LogAssemblyErrors (0ms)
				InitializePlatformSupportModulesInManaged (7ms)
				SetLoadedEditorAssemblies (1ms)
				RefreshPlugins (0ms)
				BeforeProcessingInitializeOnLoad (156ms)
				ProcessInitializeOnLoadAttributes (220ms)
				ProcessInitializeOnLoadMethodAttributes (9ms)
				AfterProcessingInitializeOnLoad (7ms)
				EditorAssembliesLoaded (0ms)
			ExecutionOrderSort2 (0ms)
			AwakeInstancesAfterBackupRestoration (7ms)
Platform modules already initialized, skipping
Refreshing native plugins compatible for Editor in 0.42 ms, found 2 plugins.
Preloading 0 native plugins for Editor in 0.00 ms.
Unloading 1540 Unused Serialized files (Serialized files now loaded: 0)
System memory in use before: 87.6 MB.
System memory in use after: 87.7 MB.

Unloading 15 unused Assets to reduce memory usage. Loaded Objects now: 2058.
Total: 2.516400 ms (FindLiveObjects: 0.176900 ms CreateObjectMapping: 0.065300 ms MarkObjects: 2.254600 ms  DeleteObjects: 0.018500 ms)

AssetImportParameters requested are different than current active one (requested -> active):
  custom:framework-win-MediaFoundation: 216162199b28c13a410421893ffa2e32 -> 
  custom:video-decoder-ogg-theora: a1e56fd34408186e4bbccfd4996cb3dc -> 
  custom:container-muxer-webm: aa71ff27fc2769a1b78a27578f13a17b -> 
  custom:container-demuxer-webm: 4f35f7cbe854078d1ac9338744f61a02 -> 
  custom:container-demuxer-ogg: 62fdf1f143b41e24485cea50d1cbac27 -> 
  custom:video-encoder-webm-vp8: eb34c28f22e8b96e1ab97ce403110664 -> 
  custom:video-decoder-webm-vp8: 9c59270c3fd7afecdb556c50c9e8de78 -> 
  custom:audio-decoder-ogg-vorbis: bf7c407c2cedff20999df2af8eb42d56 -> 
  custom:audio-encoder-webm-vorbis: bf7c407c2cedff20999df2af8eb42d56 -> 
========================================================================
Received Import Request.
  Time since last request: 144.464238 seconds.
  path: Assets/Model/QuickShip.fbx
  artifactKey: Guid(8fe6428fcd04dca49a7036e54c2acd14) Importer(815301076,1909f56bfc062723c751e8b465ee728b)
Start importing Assets/Model/QuickShip.fbx using Guid(8fe6428fcd04dca49a7036e54c2acd14) Importer(815301076,1909f56bfc062723c751e8b465ee728b)  -> (artifact id: '48b4de0d7aec79e70c26ad45e6faf1b3') in 0.162579 seconds 
  Import took 0.166358 seconds .

========================================================================
Received Import Request.
  Time since last request: 33.317878 seconds.
  path: Assets/Model/QuickShip.fbx
  artifactKey: Guid(8fe6428fcd04dca49a7036e54c2acd14) Importer(815301076,1909f56bfc062723c751e8b465ee728b)
Start importing Assets/Model/QuickShip.fbx using Guid(8fe6428fcd04dca49a7036e54c2acd14) Importer(815301076,1909f56bfc062723c751e8b465ee728b)  -> (artifact id: '86b98a7a80cdc43350ee2c84f6e1f774') in 0.174194 seconds 
  Import took 0.183357 seconds .

========================================================================
Received Import Request.
  Time since last request: 23.300652 seconds.
  path: Assets/Model/QuickShip.fbx
  artifactKey: Guid(8fe6428fcd04dca49a7036e54c2acd14) Importer(815301076,1909f56bfc062723c751e8b465ee728b)
Start importing Assets/Model/QuickShip.fbx using Guid(8fe6428fcd04dca49a7036e54c2acd14) Importer(815301076,1909f56bfc062723c751e8b465ee728b)  -> (artifact id: 'ce207b2ca27ba3116e25c6493c14b142') in 0.088058 seconds 
  Import took 0.090870 seconds .

========================================================================
Received Import Request.
  Time since last request: 8.083393 seconds.
  path: Assets/Model/QuickShip.fbx
  artifactKey: Guid(8fe6428fcd04dca49a7036e54c2acd14) Importer(815301076,1909f56bfc062723c751e8b465ee728b)
Start importing Assets/Model/QuickShip.fbx using Guid(8fe6428fcd04dca49a7036e54c2acd14) Importer(815301076,1909f56bfc062723c751e8b465ee728b)  -> (artifact id: '422039c0c6afe64899051931cce371ea') in 0.081926 seconds 
  Import took 0.084876 seconds .

========================================================================
Received Import Request.
  Time since last request: 111.601856 seconds.
  path: Assets/Model/QuickShip.fbx
  artifactKey: Guid(8fe6428fcd04dca49a7036e54c2acd14) Importer(815301076,1909f56bfc062723c751e8b465ee728b)
Start importing Assets/Model/QuickShip.fbx using Guid(8fe6428fcd04dca49a7036e54c2acd14) Importer(815301076,1909f56bfc062723c751e8b465ee728b)  -> (artifact id: 'bdff7f62cd29b78ae14848de91758792') in 0.074452 seconds 
  Import took 0.078227 seconds .

========================================================================
Received Import Request.
  Time since last request: 44.533769 seconds.
  path: Assets/Model/QuickShip.fbx
  artifactKey: Guid(8fe6428fcd04dca49a7036e54c2acd14) Importer(815301076,1909f56bfc062723c751e8b465ee728b)
Start importing Assets/Model/QuickShip.fbx using Guid(8fe6428fcd04dca49a7036e54c2acd14) Importer(815301076,1909f56bfc062723c751e8b465ee728b)  -> (artifact id: '18a281499674d8c81ce45fc74479a57b') in 0.088110 seconds 
  Import took 0.091353 seconds .

========================================================================
Received Prepare
Registering precompiled user dll's ...
Registered in 0.005104 seconds.
Begin MonoManager ReloadAssembly
Native extension for WindowsStandalone target not found
Native extension for WebGL target not found
Refreshing native plugins compatible for Editor in 0.34 ms, found 2 plugins.
Preloading 0 native plugins for Editor in 0.00 ms.
Mono: successfully reloaded assembly
- Completed reload, in  0.995 seconds
Domain Reload Profiling:
	ReloadAssembly (996ms)
		BeginReloadAssembly (159ms)
			ExecutionOrderSort (0ms)
			DisableScriptedObjects (4ms)
			BackupInstance (0ms)
			ReleaseScriptingObjects (0ms)
			CreateAndSetChildDomain (49ms)
		EndReloadAssembly (771ms)
			LoadAssemblies (84ms)
			RebuildTransferFunctionScriptingTraits (0ms)
			SetupTypeCache (275ms)
			ReleaseScriptCaches (1ms)
			RebuildScriptCaches (38ms)
			SetupLoadedEditorAssemblies (270ms)
				LogAssemblyErrors (0ms)
				InitializePlatformSupportModulesInManaged (6ms)
				SetLoadedEditorAssemblies (0ms)
				RefreshPlugins (0ms)
				BeforeProcessingInitializeOnLoad (52ms)
				ProcessInitializeOnLoadAttributes (196ms)
				ProcessInitializeOnLoadMethodAttributes (8ms)
				AfterProcessingInitializeOnLoad (7ms)
				EditorAssembliesLoaded (0ms)
			ExecutionOrderSort2 (0ms)
			AwakeInstancesAfterBackupRestoration (7ms)
Platform modules already initialized, skipping
Refreshing native plugins compatible for Editor in 0.44 ms, found 2 plugins.
Preloading 0 native plugins for Editor in 0.00 ms.
Unloading 1540 Unused Serialized files (Serialized files now loaded: 0)
System memory in use before: 87.7 MB.
System memory in use after: 87.8 MB.

Unloading 15 unused Assets to reduce memory usage. Loaded Objects now: 2061.
Total: 2.370100 ms (FindLiveObjects: 0.144600 ms CreateObjectMapping: 0.054700 ms MarkObjects: 2.150400 ms  DeleteObjects: 0.019400 ms)

AssetImportParameters requested are different than current active one (requested -> active):
  custom:framework-win-MediaFoundation: 216162199b28c13a410421893ffa2e32 -> 
  custom:video-decoder-ogg-theora: a1e56fd34408186e4bbccfd4996cb3dc -> 
  custom:container-muxer-webm: aa71ff27fc2769a1b78a27578f13a17b -> 
  custom:container-demuxer-webm: 4f35f7cbe854078d1ac9338744f61a02 -> 
  custom:container-demuxer-ogg: 62fdf1f143b41e24485cea50d1cbac27 -> 
  custom:video-encoder-webm-vp8: eb34c28f22e8b96e1ab97ce403110664 -> 
  custom:video-decoder-webm-vp8: 9c59270c3fd7afecdb556c50c9e8de78 -> 
  custom:audio-decoder-ogg-vorbis: bf7c407c2cedff20999df2af8eb42d56 -> 
  custom:audio-encoder-webm-vorbis: bf7c407c2cedff20999df2af8eb42d56 -> 
========================================================================
Received Import Request.
  Time since last request: 240.817817 seconds.
  path: Assets/Model/QuickShip.fbx
  artifactKey: Guid(8fe6428fcd04dca49a7036e54c2acd14) Importer(815301076,1909f56bfc062723c751e8b465ee728b)
Start importing Assets/Model/QuickShip.fbx using Guid(8fe6428fcd04dca49a7036e54c2acd14) Importer(815301076,1909f56bfc062723c751e8b465ee728b)  -> (artifact id: 'a5ebdc451478a297fb9399a7ee1337bb') in 0.162204 seconds 
  Import took 0.166773 seconds .

========================================================================
Received Import Request.
  Time since last request: 17.292035 seconds.
  path: Assets/Model/QuickShip.fbx
  artifactKey: Guid(8fe6428fcd04dca49a7036e54c2acd14) Importer(815301076,1909f56bfc062723c751e8b465ee728b)
Start importing Assets/Model/QuickShip.fbx using Guid(8fe6428fcd04dca49a7036e54c2acd14) Importer(815301076,1909f56bfc062723c751e8b465ee728b)  -> (artifact id: '3991124bae141a8a0a642f997fea91ae') in 0.082141 seconds 
  Import took 0.085493 seconds .

========================================================================
Received Import Request.
  Time since last request: 16.956314 seconds.
  path: Assets/Model/QuickShip.fbx
  artifactKey: Guid(8fe6428fcd04dca49a7036e54c2acd14) Importer(815301076,1909f56bfc062723c751e8b465ee728b)
Start importing Assets/Model/QuickShip.fbx using Guid(8fe6428fcd04dca49a7036e54c2acd14) Importer(815301076,1909f56bfc062723c751e8b465ee728b)  -> (artifact id: '624f3bae7f30309ebdfdc4386b1b59a6') in 0.077819 seconds 
  Import took 0.080668 seconds .

========================================================================
Received Import Request.
  Time since last request: 11.197401 seconds.
  path: Assets/Model/QuickShip.fbx
  artifactKey: Guid(8fe6428fcd04dca49a7036e54c2acd14) Importer(815301076,1909f56bfc062723c751e8b465ee728b)
Start importing Assets/Model/QuickShip.fbx using Guid(8fe6428fcd04dca49a7036e54c2acd14) Importer(815301076,1909f56bfc062723c751e8b465ee728b)  -> (artifact id: 'd8cc8cccf79af5e2fb13cfa19a9b042c') in 0.076935 seconds 
  Import took 0.080207 seconds .

========================================================================
Received Import Request.
  Time since last request: 42.031582 seconds.
  path: Assets/Model/QuickShip.fbx
  artifactKey: Guid(8fe6428fcd04dca49a7036e54c2acd14) Importer(815301076,1909f56bfc062723c751e8b465ee728b)
Start importing Assets/Model/QuickShip.fbx using Guid(8fe6428fcd04dca49a7036e54c2acd14) Importer(815301076,1909f56bfc062723c751e8b465ee728b)  -> (artifact id: 'd2e11b1e9888d1f92f866f16ec0bf70b') in 0.074512 seconds 
  Import took 0.077900 seconds .

========================================================================
Received Import Request.
  Time since last request: 87.524522 seconds.
  path: Assets/Model/QuickShip.fbx
  artifactKey: Guid(8fe6428fcd04dca49a7036e54c2acd14) Importer(815301076,1909f56bfc062723c751e8b465ee728b)
Start importing Assets/Model/QuickShip.fbx using Guid(8fe6428fcd04dca49a7036e54c2acd14) Importer(815301076,1909f56bfc062723c751e8b465ee728b)  -> (artifact id: 'a07295411ba47c99b4b43b3e02045f34') in 0.087520 seconds 
  Import took 0.091111 seconds .

========================================================================
Received Import Request.
  Time since last request: 45.614791 seconds.
  path: Assets/Materials/QuickShip.fbx
  artifactKey: Guid(8fe6428fcd04dca49a7036e54c2acd14) Importer(815301076,1909f56bfc062723c751e8b465ee728b)
Start importing Assets/Materials/QuickShip.fbx using Guid(8fe6428fcd04dca49a7036e54c2acd14) Importer(815301076,1909f56bfc062723c751e8b465ee728b)  -> (artifact id: '5b5185d195de27de1359c37686479502') in 0.069219 seconds 
  Import took 0.072231 seconds .

========================================================================
Received Import Request.
  Time since last request: 13.900890 seconds.
  path: Assets/Materials/QuickShip.fbx
  artifactKey: Guid(8fe6428fcd04dca49a7036e54c2acd14) Importer(815301076,1909f56bfc062723c751e8b465ee728b)
Start importing Assets/Materials/QuickShip.fbx using Guid(8fe6428fcd04dca49a7036e54c2acd14) Importer(815301076,1909f56bfc062723c751e8b465ee728b)  -> (artifact id: '044d6847db531721aebaa1f6edf29a17') in 0.065579 seconds 
  Import took 0.068168 seconds .

========================================================================
Received Import Request.
  Time since last request: 22.255338 seconds.
  path: Assets/Materials/QuickShip.fbx
  artifactKey: Guid(8fe6428fcd04dca49a7036e54c2acd14) Importer(815301076,1909f56bfc062723c751e8b465ee728b)
Start importing Assets/Materials/QuickShip.fbx using Guid(8fe6428fcd04dca49a7036e54c2acd14) Importer(815301076,1909f56bfc062723c751e8b465ee728b)  -> (artifact id: '29fbdd8a9b0b3f6b662613cdc49be97a') in 0.100417 seconds 
  Import took 0.103548 seconds .

========================================================================
Received Import Request.
  Time since last request: 1.355465 seconds.
  path: Assets/Model/QuickShip.fbx
  artifactKey: Guid(d5768d2cadfa8ef4d9971ddc0f5227a2) Importer(815301076,1909f56bfc062723c751e8b465ee728b)
Start importing Assets/Model/QuickShip.fbx using Guid(d5768d2cadfa8ef4d9971ddc0f5227a2) Importer(815301076,1909f56bfc062723c751e8b465ee728b)  -> (artifact id: 'a9c91db70214b8b9054a79da1d97a166') in 0.082207 seconds 
  Import took 0.086749 seconds .

========================================================================
Received Import Request.
  Time since last request: 32.616881 seconds.
  path: Assets/Model/QuickShip.fbx
  artifactKey: Guid(d5768d2cadfa8ef4d9971ddc0f5227a2) Importer(815301076,1909f56bfc062723c751e8b465ee728b)
Start importing Assets/Model/QuickShip.fbx using Guid(d5768d2cadfa8ef4d9971ddc0f5227a2) Importer(815301076,1909f56bfc062723c751e8b465ee728b)  -> (artifact id: '94b05ed46a501c9349eddfdb21106df2') in 0.109859 seconds 
  Import took 0.113425 seconds .

========================================================================
Received Prepare
Registering precompiled user dll's ...
Registered in 0.005009 seconds.
Begin MonoManager ReloadAssembly
Native extension for WindowsStandalone target not found
Native extension for WebGL target not found
Refreshing native plugins compatible for Editor in 1.42 ms, found 2 plugins.
Preloading 0 native plugins for Editor in 0.00 ms.
Mono: successfully reloaded assembly
- Completed reload, in  1.079 seconds
Domain Reload Profiling:
	ReloadAssembly (1080ms)
		BeginReloadAssembly (129ms)
			ExecutionOrderSort (0ms)
			DisableScriptedObjects (4ms)
			BackupInstance (0ms)
			ReleaseScriptingObjects (0ms)
			CreateAndSetChildDomain (34ms)
		EndReloadAssembly (887ms)
			LoadAssemblies (85ms)
			RebuildTransferFunctionScriptingTraits (0ms)
			SetupTypeCache (277ms)
			ReleaseScriptCaches (1ms)
			RebuildScriptCaches (41ms)
			SetupLoadedEditorAssemblies (323ms)
				LogAssemblyErrors (0ms)
				InitializePlatformSupportModulesInManaged (20ms)
				SetLoadedEditorAssemblies (6ms)
				RefreshPlugins (2ms)
				BeforeProcessingInitializeOnLoad (84ms)
				ProcessInitializeOnLoadAttributes (196ms)
				ProcessInitializeOnLoadMethodAttributes (8ms)
				AfterProcessingInitializeOnLoad (7ms)
				EditorAssembliesLoaded (0ms)
			ExecutionOrderSort2 (0ms)
			AwakeInstancesAfterBackupRestoration (7ms)
Platform modules already initialized, skipping
Refreshing native plugins compatible for Editor in 0.34 ms, found 2 plugins.
Preloading 0 native plugins for Editor in 0.00 ms.
Unloading 1540 Unused Serialized files (Serialized files now loaded: 0)
System memory in use before: 87.9 MB.
System memory in use after: 88.0 MB.

Unloading 15 unused Assets to reduce memory usage. Loaded Objects now: 2064.
Total: 2.442600 ms (FindLiveObjects: 0.122500 ms CreateObjectMapping: 0.041700 ms MarkObjects: 2.256400 ms  DeleteObjects: 0.021100 ms)

AssetImportParameters requested are different than current active one (requested -> active):
  custom:framework-win-MediaFoundation: 216162199b28c13a410421893ffa2e32 -> 
  custom:video-decoder-ogg-theora: a1e56fd34408186e4bbccfd4996cb3dc -> 
  custom:container-muxer-webm: aa71ff27fc2769a1b78a27578f13a17b -> 
  custom:container-demuxer-webm: 4f35f7cbe854078d1ac9338744f61a02 -> 
  custom:container-demuxer-ogg: 62fdf1f143b41e24485cea50d1cbac27 -> 
  custom:video-encoder-webm-vp8: eb34c28f22e8b96e1ab97ce403110664 -> 
  custom:video-decoder-webm-vp8: 9c59270c3fd7afecdb556c50c9e8de78 -> 
  custom:audio-decoder-ogg-vorbis: bf7c407c2cedff20999df2af8eb42d56 -> 
  custom:audio-encoder-webm-vorbis: bf7c407c2cedff20999df2af8eb42d56 -> 
========================================================================
Received Import Request.
  Time since last request: 56.012565 seconds.
  path: Assets/Model/QuickShip.fbx
  artifactKey: Guid(d5768d2cadfa8ef4d9971ddc0f5227a2) Importer(815301076,1909f56bfc062723c751e8b465ee728b)
Start importing Assets/Model/QuickShip.fbx using Guid(d5768d2cadfa8ef4d9971ddc0f5227a2) Importer(815301076,1909f56bfc062723c751e8b465ee728b)  -> (artifact id: 'e21fdd92bd470b450805363dc87dbe0f') in 0.144780 seconds 
  Import took 0.147424 seconds .

========================================================================
Received Prepare
Registering precompiled user dll's ...
Registered in 0.004461 seconds.
Begin MonoManager ReloadAssembly
Native extension for WindowsStandalone target not found
Native extension for WebGL target not found
Refreshing native plugins compatible for Editor in 0.42 ms, found 2 plugins.
Preloading 0 native plugins for Editor in 0.00 ms.
Mono: successfully reloaded assembly
- Completed reload, in  1.015 seconds
Domain Reload Profiling:
	ReloadAssembly (1016ms)
		BeginReloadAssembly (111ms)
			ExecutionOrderSort (0ms)
			DisableScriptedObjects (4ms)
			BackupInstance (0ms)
			ReleaseScriptingObjects (0ms)
			CreateAndSetChildDomain (28ms)
		EndReloadAssembly (844ms)
			LoadAssemblies (86ms)
			RebuildTransferFunctionScriptingTraits (0ms)
			SetupTypeCache (267ms)
			ReleaseScriptCaches (1ms)
			RebuildScriptCaches (37ms)
			SetupLoadedEditorAssemblies (362ms)
				LogAssemblyErrors (0ms)
				InitializePlatformSupportModulesInManaged (5ms)
				SetLoadedEditorAssemblies (1ms)
				RefreshPlugins (1ms)
				BeforeProcessingInitializeOnLoad (52ms)
				ProcessInitializeOnLoadAttributes (289ms)
				ProcessInitializeOnLoadMethodAttributes (8ms)
				AfterProcessingInitializeOnLoad (7ms)
				EditorAssembliesLoaded (0ms)
			ExecutionOrderSort2 (0ms)
			AwakeInstancesAfterBackupRestoration (6ms)
Platform modules already initialized, skipping
Refreshing native plugins compatible for Editor in 0.35 ms, found 2 plugins.
Preloading 0 native plugins for Editor in 0.00 ms.
Unloading 1540 Unused Serialized files (Serialized files now loaded: 0)
System memory in use before: 87.9 MB.
System memory in use after: 88.0 MB.

Unloading 15 unused Assets to reduce memory usage. Loaded Objects now: 2067.
Total: 2.369100 ms (FindLiveObjects: 0.125200 ms CreateObjectMapping: 0.049100 ms MarkObjects: 2.176500 ms  DeleteObjects: 0.017600 ms)

AssetImportParameters requested are different than current active one (requested -> active):
  custom:framework-win-MediaFoundation: 216162199b28c13a410421893ffa2e32 -> 
  custom:video-decoder-ogg-theora: a1e56fd34408186e4bbccfd4996cb3dc -> 
  custom:container-muxer-webm: aa71ff27fc2769a1b78a27578f13a17b -> 
  custom:container-demuxer-webm: 4f35f7cbe854078d1ac9338744f61a02 -> 
  custom:container-demuxer-ogg: 62fdf1f143b41e24485cea50d1cbac27 -> 
  custom:video-encoder-webm-vp8: eb34c28f22e8b96e1ab97ce403110664 -> 
  custom:video-decoder-webm-vp8: 9c59270c3fd7afecdb556c50c9e8de78 -> 
  custom:audio-decoder-ogg-vorbis: bf7c407c2cedff20999df2af8eb42d56 -> 
  custom:audio-encoder-webm-vorbis: bf7c407c2cedff20999df2af8eb42d56 -> 
AssetImportWorkerClient::OnTransportError - code=2 error=End of file
